<?xml version="1.0" encoding="UTF-8"?>
<!-- Generated by org.testng.reporters.JUnitReportReporter -->
<testsuite hostname="DESKTOP-SMUF7SD" failures="0" tests="1" name="test.TestAutomation" time="39.446" errors="0" timestamp="07 Sep 2023 08:17:41 GMT" skipped="0">
  <testcase classname="test.TestAutomation" name="VerifyApplicationLaunchedSucessfully" time="39.446"/>
</testsuite> <!-- test.TestAutomation -->
