<?xml version="1.0" encoding="UTF-8"?>
<!-- Generated by org.testng.reporters.JUnitReportReporter -->
<testsuite hostname="DESKTOP-SMUF7SD" failures="0" tests="1" name="test.LoginPage" time="10.549" errors="0" timestamp="06 Sep 2023 10:36:04 GMT" skipped="0">
  <testcase classname="test.LoginPage" name="login" time="10.549"/>
</testsuite> <!-- test.LoginPage -->
