<?xml version="1.0" encoding="UTF-8"?>
<!-- Generated by org.testng.reporters.JUnitReportReporter -->
<testsuite hostname="DESKTOP-SMUF7SD" failures="0" tests="1" name="test.TestAutomation" time="133.593" errors="0" timestamp="13 Sep 2023 08:16:55 GMT" skipped="0">
  <testcase classname="test.TestAutomation" name="VerifyApplicationLaunchedSucessfully" time="133.593"/>
</testsuite> <!-- test.TestAutomation -->
